{"/Users/ssuzy/Documents/project/dotori_suul/src/components/AdminDashBoard.tsx": {"path":"/Users/ssuzy/Documents/project/dotori_suul/src/components/AdminDashBoard.tsx","statementMap":{"0":{"start":{"line":15,"column":31},"end":{"line":15,"column":46}},"1":{"start":{"line":16,"column":18},"end":{"line":18,"column":3}},"2":{"start":{"line":17,"column":4},"end":{"line":17,"column":38}},"3":{"start":{"line":19,"column":15},"end":{"line":21,"column":3}},"4":{"start":{"line":20,"column":4},"end":{"line":20,"column":43}},"5":{"start":{"line":22,"column":2},"end":{"line":160,"column":4}},"6":{"start":{"line":28,"column":27},"end":{"line":28,"column":42}},"7":{"start":{"line":57,"column":27},"end":{"line":57,"column":42}},"8":{"start":{"line":64,"column":27},"end":{"line":64,"column":45}},"9":{"start":{"line":93,"column":27},"end":{"line":93,"column":45}},"10":{"start":{"line":99,"column":27},"end":{"line":99,"column":42}},"11":{"start":{"line":129,"column":27},"end":{"line":129,"column":45}},"12":{"start":{"line":135,"column":27},"end":{"line":135,"column":46}}},"fnMap":{"0":{"name":"AdminDashBoard","decl":{"start":{"line":14,"column":24},"end":{"line":14,"column":38}},"loc":{"start":{"line":14,"column":41},"end":{"line":161,"column":1}},"line":14},"1":{"name":"(anonymous_1)","decl":{"start":{"line":16,"column":18},"end":{"line":16,"column":19}},"loc":{"start":{"line":16,"column":34},"end":{"line":18,"column":3}},"line":16},"2":{"name":"(anonymous_2)","decl":{"start":{"line":19,"column":15},"end":{"line":19,"column":16}},"loc":{"start":{"line":19,"column":31},"end":{"line":21,"column":3}},"line":19},"3":{"name":"(anonymous_3)","decl":{"start":{"line":28,"column":21},"end":{"line":28,"column":22}},"loc":{"start":{"line":28,"column":27},"end":{"line":28,"column":42}},"line":28},"4":{"name":"(anonymous_4)","decl":{"start":{"line":57,"column":21},"end":{"line":57,"column":22}},"loc":{"start":{"line":57,"column":27},"end":{"line":57,"column":42}},"line":57},"5":{"name":"(anonymous_5)","decl":{"start":{"line":64,"column":21},"end":{"line":64,"column":22}},"loc":{"start":{"line":64,"column":27},"end":{"line":64,"column":45}},"line":64},"6":{"name":"(anonymous_6)","decl":{"start":{"line":93,"column":21},"end":{"line":93,"column":22}},"loc":{"start":{"line":93,"column":27},"end":{"line":93,"column":45}},"line":93},"7":{"name":"(anonymous_7)","decl":{"start":{"line":99,"column":21},"end":{"line":99,"column":22}},"loc":{"start":{"line":99,"column":27},"end":{"line":99,"column":42}},"line":99},"8":{"name":"(anonymous_8)","decl":{"start":{"line":129,"column":21},"end":{"line":129,"column":22}},"loc":{"start":{"line":129,"column":27},"end":{"line":129,"column":45}},"line":129},"9":{"name":"(anonymous_9)","decl":{"start":{"line":135,"column":21},"end":{"line":135,"column":22}},"loc":{"start":{"line":135,"column":27},"end":{"line":135,"column":46}},"line":135}},"branchMap":{},"s":{"0":0,"1":0,"2":0,"3":0,"4":0,"5":0,"6":0,"7":0,"8":0,"9":0,"10":0,"11":0,"12":0},"f":{"0":0,"1":0,"2":0,"3":0,"4":0,"5":0,"6":0,"7":0,"8":0,"9":0},"b":{}}
,"/Users/ssuzy/Documents/project/dotori_suul/src/components/BreweryDetail.tsx": {"path":"/Users/ssuzy/Documents/project/dotori_suul/src/components/BreweryDetail.tsx","statementMap":{"0":{"start":{"line":24,"column":34},"end":{"line":24,"column":49}},"1":{"start":{"line":25,"column":15},"end":{"line":25,"column":28}},"2":{"start":{"line":26,"column":20},"end":{"line":28,"column":3}},"3":{"start":{"line":27,"column":4},"end":{"line":27,"column":15}},"4":{"start":{"line":30,"column":2},"end":{"line":89,"column":4}},"5":{"start":{"line":37,"column":27},"end":{"line":37,"column":48}},"6":{"start":{"line":56,"column":25},"end":{"line":56,"column":49}},"7":{"start":{"line":63,"column":25},"end":{"line":63,"column":45}},"8":{"start":{"line":70,"column":25},"end":{"line":70,"column":44}}},"fnMap":{"0":{"name":"BreweryDetail","decl":{"start":{"line":23,"column":24},"end":{"line":23,"column":37}},"loc":{"start":{"line":23,"column":73},"end":{"line":90,"column":1}},"line":23},"1":{"name":"(anonymous_1)","decl":{"start":{"line":26,"column":20},"end":{"line":26,"column":21}},"loc":{"start":{"line":26,"column":38},"end":{"line":28,"column":3}},"line":26},"2":{"name":"(anonymous_2)","decl":{"start":{"line":37,"column":21},"end":{"line":37,"column":22}},"loc":{"start":{"line":37,"column":27},"end":{"line":37,"column":48}},"line":37},"3":{"name":"(anonymous_3)","decl":{"start":{"line":56,"column":19},"end":{"line":56,"column":20}},"loc":{"start":{"line":56,"column":25},"end":{"line":56,"column":49}},"line":56},"4":{"name":"(anonymous_4)","decl":{"start":{"line":63,"column":19},"end":{"line":63,"column":20}},"loc":{"start":{"line":63,"column":25},"end":{"line":63,"column":45}},"line":63},"5":{"name":"(anonymous_5)","decl":{"start":{"line":70,"column":19},"end":{"line":70,"column":20}},"loc":{"start":{"line":70,"column":25},"end":{"line":70,"column":44}},"line":70}},"branchMap":{},"s":{"0":0,"1":0,"2":0,"3":0,"4":0,"5":0,"6":0,"7":0,"8":0},"f":{"0":0,"1":0,"2":0,"3":0,"4":0,"5":0},"b":{}}
,"/Users/ssuzy/Documents/project/dotori_suul/src/components/BreweryInfo.tsx": {"path":"/Users/ssuzy/Documents/project/dotori_suul/src/components/BreweryInfo.tsx","statementMap":{"0":{"start":{"line":8,"column":35},"end":{"line":14,"column":3}},"1":{"start":{"line":15,"column":2},"end":{"line":63,"column":4}}},"fnMap":{"0":{"name":"BreweryInformation","decl":{"start":{"line":7,"column":24},"end":{"line":7,"column":42}},"loc":{"start":{"line":7,"column":45},"end":{"line":64,"column":1}},"line":7}},"branchMap":{},"s":{"0":0,"1":0},"f":{"0":0},"b":{}}
,"/Users/ssuzy/Documents/project/dotori_suul/src/components/BreweryProduct.tsx": {"path":"/Users/ssuzy/Documents/project/dotori_suul/src/components/BreweryProduct.tsx","statementMap":{"0":{"start":{"line":4,"column":15},"end":{"line":47,"column":3}},"1":{"start":{"line":48,"column":2},"end":{"line":62,"column":4}},"2":{"start":{"line":52,"column":10},"end":{"line":58,"column":15}}},"fnMap":{"0":{"name":"BreweryProduct","decl":{"start":{"line":3,"column":24},"end":{"line":3,"column":38}},"loc":{"start":{"line":3,"column":41},"end":{"line":63,"column":1}},"line":3},"1":{"name":"(anonymous_1)","decl":{"start":{"line":51,"column":18},"end":{"line":51,"column":19}},"loc":{"start":{"line":52,"column":10},"end":{"line":58,"column":15}},"line":52}},"branchMap":{},"s":{"0":0,"1":0,"2":0},"f":{"0":0,"1":0},"b":{}}
,"/Users/ssuzy/Documents/project/dotori_suul/src/components/BreweryReview.tsx": {"path":"/Users/ssuzy/Documents/project/dotori_suul/src/components/BreweryReview.tsx","statementMap":{"0":{"start":{"line":4,"column":18},"end":{"line":60,"column":3}},"1":{"start":{"line":61,"column":2},"end":{"line":75,"column":4}},"2":{"start":{"line":65,"column":10},"end":{"line":71,"column":12}}},"fnMap":{"0":{"name":"BreweryReview","decl":{"start":{"line":3,"column":24},"end":{"line":3,"column":37}},"loc":{"start":{"line":3,"column":40},"end":{"line":76,"column":1}},"line":3},"1":{"name":"(anonymous_1)","decl":{"start":{"line":64,"column":21},"end":{"line":64,"column":22}},"loc":{"start":{"line":65,"column":10},"end":{"line":71,"column":12}},"line":65}},"branchMap":{},"s":{"0":0,"1":0,"2":0},"f":{"0":0,"1":0},"b":{}}
,"/Users/ssuzy/Documents/project/dotori_suul/src/components/Comment.tsx": {"path":"/Users/ssuzy/Documents/project/dotori_suul/src/components/Comment.tsx","statementMap":{"0":{"start":{"line":4,"column":2},"end":{"line":30,"column":4}}},"fnMap":{"0":{"name":"Comment","decl":{"start":{"line":3,"column":24},"end":{"line":3,"column":31}},"loc":{"start":{"line":3,"column":34},"end":{"line":31,"column":1}},"line":3}},"branchMap":{},"s":{"0":0},"f":{"0":0},"b":{}}
,"/Users/ssuzy/Documents/project/dotori_suul/src/components/Hello.tsx": {"path":"/Users/ssuzy/Documents/project/dotori_suul/src/components/Hello.tsx","statementMap":{"0":{"start":{"line":4,"column":28},"end":{"line":4,"column":39}},"1":{"start":{"line":6,"column":26},"end":{"line":8,"column":3}},"2":{"start":{"line":7,"column":4},"end":{"line":7,"column":24}},"3":{"start":{"line":10,"column":26},"end":{"line":12,"column":3}},"4":{"start":{"line":11,"column":4},"end":{"line":11,"column":24}},"5":{"start":{"line":14,"column":2},"end":{"line":21,"column":4}}},"fnMap":{"0":{"name":"Hello","decl":{"start":{"line":3,"column":24},"end":{"line":3,"column":29}},"loc":{"start":{"line":3,"column":32},"end":{"line":22,"column":1}},"line":3},"1":{"name":"(anonymous_1)","decl":{"start":{"line":6,"column":26},"end":{"line":6,"column":27}},"loc":{"start":{"line":6,"column":32},"end":{"line":8,"column":3}},"line":6},"2":{"name":"(anonymous_2)","decl":{"start":{"line":10,"column":26},"end":{"line":10,"column":27}},"loc":{"start":{"line":10,"column":32},"end":{"line":12,"column":3}},"line":10}},"branchMap":{},"s":{"0":5,"1":5,"2":1,"3":5,"4":1,"5":5},"f":{"0":5,"1":1,"2":1},"b":{},"_coverageSchema":"1a1c01bbd47fc00a2c39e90264f33305004495a9","hash":"96aab65cae4a44944d1ca28113ff04a663f4a6a4"}
,"/Users/ssuzy/Documents/project/dotori_suul/src/components/HomeBrewDetail.tsx": {"path":"/Users/ssuzy/Documents/project/dotori_suul/src/components/HomeBrewDetail.tsx","statementMap":{"0":{"start":{"line":14,"column":19},"end":{"line":19,"column":3}},"1":{"start":{"line":20,"column":15},"end":{"line":80,"column":3}},"2":{"start":{"line":82,"column":26},"end":{"line":82,"column":77}},"3":{"start":{"line":83,"column":36},"end":{"line":83,"column":55}},"4":{"start":{"line":85,"column":34},"end":{"line":87,"column":3}},"5":{"start":{"line":89,"column":19},"end":{"line":89,"column":61}},"6":{"start":{"line":89,"column":49},"end":{"line":89,"column":57}},"7":{"start":{"line":91,"column":24},"end":{"line":91,"column":47}},"8":{"start":{"line":92,"column":36},"end":{"line":92,"column":49}},"9":{"start":{"line":94,"column":34},"end":{"line":94,"column":79}},"10":{"start":{"line":96,"column":26},"end":{"line":96,"column":51}},"11":{"start":{"line":98,"column":20},"end":{"line":101,"column":3}},"12":{"start":{"line":99,"column":4},"end":{"line":99,"column":19}},"13":{"start":{"line":100,"column":4},"end":{"line":100,"column":21}},"14":{"start":{"line":103,"column":16},"end":{"line":105,"column":3}},"15":{"start":{"line":104,"column":4},"end":{"line":104,"column":37}},"16":{"start":{"line":108,"column":20},"end":{"line":115,"column":3}},"17":{"start":{"line":109,"column":4},"end":{"line":109,"column":29}},"18":{"start":{"line":109,"column":22},"end":{"line":109,"column":27}},"19":{"start":{"line":110,"column":4},"end":{"line":114,"column":5}},"20":{"start":{"line":111,"column":6},"end":{"line":111,"column":39}},"21":{"start":{"line":111,"column":29},"end":{"line":111,"column":37}},"22":{"start":{"line":113,"column":6},"end":{"line":113,"column":39}},"23":{"start":{"line":113,"column":29},"end":{"line":113,"column":37}},"24":{"start":{"line":117,"column":24},"end":{"line":117,"column":58}},"25":{"start":{"line":117,"column":30},"end":{"line":117,"column":58}},"26":{"start":{"line":117,"column":52},"end":{"line":117,"column":57}},"27":{"start":{"line":119,"column":20},"end":{"line":124,"column":3}},"28":{"start":{"line":120,"column":23},"end":{"line":120,"column":43}},"29":{"start":{"line":121,"column":4},"end":{"line":123,"column":7}},"30":{"start":{"line":122,"column":6},"end":{"line":122,"column":29}},"31":{"start":{"line":126,"column":2},"end":{"line":132,"column":9}},"32":{"start":{"line":127,"column":4},"end":{"line":131,"column":6}},"33":{"start":{"line":129,"column":8},"end":{"line":129,"column":50}},"34":{"start":{"line":134,"column":2},"end":{"line":233,"column":4}},"35":{"start":{"line":157,"column":16},"end":{"line":167,"column":21}},"36":{"start":{"line":164,"column":33},"end":{"line":164,"column":48}},"37":{"start":{"line":173,"column":27},"end":{"line":173,"column":36}},"38":{"start":{"line":175,"column":14},"end":{"line":181,"column":20}},"39":{"start":{"line":188,"column":12},"end":{"line":190,"column":16}},"40":{"start":{"line":228,"column":12},"end":{"line":228,"column":48}}},"fnMap":{"0":{"name":"HomeBrewDetail","decl":{"start":{"line":13,"column":24},"end":{"line":13,"column":38}},"loc":{"start":{"line":13,"column":41},"end":{"line":234,"column":1}},"line":13},"1":{"name":"(anonymous_1)","decl":{"start":{"line":89,"column":42},"end":{"line":89,"column":43}},"loc":{"start":{"line":89,"column":49},"end":{"line":89,"column":57}},"line":89},"2":{"name":"(anonymous_2)","decl":{"start":{"line":98,"column":20},"end":{"line":98,"column":21}},"loc":{"start":{"line":98,"column":70},"end":{"line":101,"column":3}},"line":98},"3":{"name":"(anonymous_3)","decl":{"start":{"line":103,"column":16},"end":{"line":103,"column":17}},"loc":{"start":{"line":103,"column":35},"end":{"line":105,"column":3}},"line":103},"4":{"name":"(anonymous_4)","decl":{"start":{"line":108,"column":20},"end":{"line":108,"column":21}},"loc":{"start":{"line":108,"column":26},"end":{"line":115,"column":3}},"line":108},"5":{"name":"(anonymous_5)","decl":{"start":{"line":109,"column":12},"end":{"line":109,"column":13}},"loc":{"start":{"line":109,"column":22},"end":{"line":109,"column":27}},"line":109},"6":{"name":"(anonymous_6)","decl":{"start":{"line":111,"column":19},"end":{"line":111,"column":20}},"loc":{"start":{"line":111,"column":29},"end":{"line":111,"column":37}},"line":111},"7":{"name":"(anonymous_7)","decl":{"start":{"line":113,"column":19},"end":{"line":113,"column":20}},"loc":{"start":{"line":113,"column":29},"end":{"line":113,"column":37}},"line":113},"8":{"name":"(anonymous_8)","decl":{"start":{"line":117,"column":24},"end":{"line":117,"column":25}},"loc":{"start":{"line":117,"column":30},"end":{"line":117,"column":58}},"line":117},"9":{"name":"(anonymous_9)","decl":{"start":{"line":117,"column":42},"end":{"line":117,"column":43}},"loc":{"start":{"line":117,"column":52},"end":{"line":117,"column":57}},"line":117},"10":{"name":"(anonymous_10)","decl":{"start":{"line":119,"column":20},"end":{"line":119,"column":21}},"loc":{"start":{"line":119,"column":26},"end":{"line":124,"column":3}},"line":119},"11":{"name":"(anonymous_11)","decl":{"start":{"line":121,"column":51},"end":{"line":121,"column":52}},"loc":{"start":{"line":121,"column":57},"end":{"line":123,"column":5}},"line":121},"12":{"name":"(anonymous_12)","decl":{"start":{"line":126,"column":12},"end":{"line":126,"column":13}},"loc":{"start":{"line":126,"column":18},"end":{"line":132,"column":3}},"line":126},"13":{"name":"(anonymous_13)","decl":{"start":{"line":128,"column":24},"end":{"line":128,"column":25}},"loc":{"start":{"line":128,"column":31},"end":{"line":130,"column":7}},"line":128},"14":{"name":"(anonymous_14)","decl":{"start":{"line":156,"column":28},"end":{"line":156,"column":29}},"loc":{"start":{"line":157,"column":16},"end":{"line":167,"column":21}},"line":157},"15":{"name":"(anonymous_15)","decl":{"start":{"line":164,"column":27},"end":{"line":164,"column":28}},"loc":{"start":{"line":164,"column":33},"end":{"line":164,"column":48}},"line":164},"16":{"name":"(anonymous_16)","decl":{"start":{"line":173,"column":20},"end":{"line":173,"column":21}},"loc":{"start":{"line":173,"column":27},"end":{"line":173,"column":36}},"line":173},"17":{"name":"(anonymous_17)","decl":{"start":{"line":174,"column":17},"end":{"line":174,"column":18}},"loc":{"start":{"line":175,"column":14},"end":{"line":181,"column":20}},"line":175},"18":{"name":"(anonymous_18)","decl":{"start":{"line":187,"column":27},"end":{"line":187,"column":28}},"loc":{"start":{"line":188,"column":12},"end":{"line":190,"column":16}},"line":188},"19":{"name":"(anonymous_19)","decl":{"start":{"line":227,"column":28},"end":{"line":227,"column":29}},"loc":{"start":{"line":228,"column":12},"end":{"line":228,"column":48}},"line":228}},"branchMap":{"0":{"loc":{"start":{"line":110,"column":4},"end":{"line":114,"column":5}},"type":"if","locations":[{"start":{"line":110,"column":4},"end":{"line":114,"column":5}},{"start":{"line":112,"column":11},"end":{"line":114,"column":5}}],"line":110},"1":{"loc":{"start":{"line":160,"column":20},"end":{"line":162,"column":82}},"type":"cond-expr","locations":[{"start":{"line":161,"column":24},"end":{"line":161,"column":64}},{"start":{"line":162,"column":24},"end":{"line":162,"column":82}}],"line":160},"2":{"loc":{"start":{"line":178,"column":19},"end":{"line":178,"column":57}},"type":"cond-expr","locations":[{"start":{"line":178,"column":31},"end":{"line":178,"column":39}},{"start":{"line":178,"column":42},"end":{"line":178,"column":57}}],"line":178},"3":{"loc":{"start":{"line":197,"column":19},"end":{"line":197,"column":50}},"type":"cond-expr","locations":[{"start":{"line":197,"column":26},"end":{"line":197,"column":40}},{"start":{"line":197,"column":43},"end":{"line":197,"column":50}}],"line":197},"4":{"loc":{"start":{"line":205,"column":19},"end":{"line":205,"column":60}},"type":"cond-expr","locations":[{"start":{"line":205,"column":30},"end":{"line":205,"column":47}},{"start":{"line":205,"column":50},"end":{"line":205,"column":60}}],"line":205}},"s":{"0":0,"1":0,"2":0,"3":0,"4":0,"5":0,"6":0,"7":0,"8":0,"9":0,"10":0,"11":0,"12":0,"13":0,"14":0,"15":0,"16":0,"17":0,"18":0,"19":0,"20":0,"21":0,"22":0,"23":0,"24":0,"25":0,"26":0,"27":0,"28":0,"29":0,"30":0,"31":0,"32":0,"33":0,"34":0,"35":0,"36":0,"37":0,"38":0,"39":0,"40":0},"f":{"0":0,"1":0,"2":0,"3":0,"4":0,"5":0,"6":0,"7":0,"8":0,"9":0,"10":0,"11":0,"12":0,"13":0,"14":0,"15":0,"16":0,"17":0,"18":0,"19":0},"b":{"0":[0,0],"1":[0,0],"2":[0,0],"3":[0,0],"4":[0,0]}}
,"/Users/ssuzy/Documents/project/dotori_suul/src/components/ImageSlider.tsx": {"path":"/Users/ssuzy/Documents/project/dotori_suul/src/components/ImageSlider.tsx","statementMap":{"0":{"start":{"line":6,"column":17},"end":{"line":6,"column":67}},"1":{"start":{"line":8,"column":42},"end":{"line":8,"column":53}},"2":{"start":{"line":11,"column":4},"end":{"line":11,"column":79}},"3":{"start":{"line":14,"column":4},"end":{"line":14,"column":79}},"4":{"start":{"line":16,"column":15},"end":{"line":18,"column":3}},"5":{"start":{"line":17,"column":4},"end":{"line":17,"column":23}},"6":{"start":{"line":19,"column":2},"end":{"line":56,"column":4}},"7":{"start":{"line":28,"column":10},"end":{"line":35,"column":16}},"8":{"start":{"line":33,"column":29},"end":{"line":33,"column":40}}},"fnMap":{"0":{"name":"ImageSlider","decl":{"start":{"line":5,"column":24},"end":{"line":5,"column":35}},"loc":{"start":{"line":5,"column":38},"end":{"line":57,"column":1}},"line":5},"1":{"name":"previous","decl":{"start":{"line":10,"column":11},"end":{"line":10,"column":19}},"loc":{"start":{"line":10,"column":22},"end":{"line":12,"column":3}},"line":10},"2":{"name":"next","decl":{"start":{"line":13,"column":11},"end":{"line":13,"column":15}},"loc":{"start":{"line":13,"column":18},"end":{"line":15,"column":3}},"line":13},"3":{"name":"(anonymous_3)","decl":{"start":{"line":16,"column":15},"end":{"line":16,"column":16}},"loc":{"start":{"line":16,"column":30},"end":{"line":18,"column":3}},"line":16},"4":{"name":"(anonymous_4)","decl":{"start":{"line":27,"column":20},"end":{"line":27,"column":21}},"loc":{"start":{"line":28,"column":10},"end":{"line":35,"column":16}},"line":28},"5":{"name":"(anonymous_5)","decl":{"start":{"line":33,"column":23},"end":{"line":33,"column":24}},"loc":{"start":{"line":33,"column":29},"end":{"line":33,"column":40}},"line":33}},"branchMap":{"0":{"loc":{"start":{"line":11,"column":20},"end":{"line":11,"column":77}},"type":"cond-expr","locations":[{"start":{"line":11,"column":41},"end":{"line":11,"column":58}},{"start":{"line":11,"column":61},"end":{"line":11,"column":77}}],"line":11},"1":{"loc":{"start":{"line":14,"column":20},"end":{"line":14,"column":77}},"type":"cond-expr","locations":[{"start":{"line":14,"column":57},"end":{"line":14,"column":58}},{"start":{"line":14,"column":61},"end":{"line":14,"column":77}}],"line":14},"2":{"loc":{"start":{"line":31,"column":16},"end":{"line":31,"column":70}},"type":"cond-expr","locations":[{"start":{"line":31,"column":41},"end":{"line":31,"column":54}},{"start":{"line":31,"column":57},"end":{"line":31,"column":70}}],"line":31}},"s":{"0":0,"1":0,"2":0,"3":0,"4":0,"5":0,"6":0,"7":0,"8":0},"f":{"0":0,"1":0,"2":0,"3":0,"4":0,"5":0},"b":{"0":[0,0],"1":[0,0],"2":[0,0]}}
,"/Users/ssuzy/Documents/project/dotori_suul/src/components/List.tsx": {"path":"/Users/ssuzy/Documents/project/dotori_suul/src/components/List.tsx","statementMap":{"0":{"start":{"line":26,"column":2},"end":{"line":68,"column":4}}},"fnMap":{"0":{"name":"List","decl":{"start":{"line":17,"column":24},"end":{"line":17,"column":28}},"loc":{"start":{"line":25,"column":13},"end":{"line":69,"column":1}},"line":25}},"branchMap":{"0":{"loc":{"start":{"line":42,"column":11},"end":{"line":47,"column":11}},"type":"binary-expr","locations":[{"start":{"line":42,"column":11},"end":{"line":42,"column":15}},{"start":{"line":43,"column":12},"end":{"line":46,"column":18}}],"line":42},"1":{"loc":{"start":{"line":52,"column":7},"end":{"line":56,"column":7}},"type":"binary-expr","locations":[{"start":{"line":52,"column":7},"end":{"line":52,"column":11}},{"start":{"line":53,"column":8},"end":{"line":55,"column":14}}],"line":52},"2":{"loc":{"start":{"line":57,"column":7},"end":{"line":66,"column":7}},"type":"binary-expr","locations":[{"start":{"line":57,"column":7},"end":{"line":57,"column":10}},{"start":{"line":58,"column":8},"end":{"line":65,"column":14}}],"line":57}},"s":{"0":0},"f":{"0":0},"b":{"0":[0,0],"1":[0,0],"2":[0,0]}}
,"/Users/ssuzy/Documents/project/dotori_suul/src/components/Review.tsx": {"path":"/Users/ssuzy/Documents/project/dotori_suul/src/components/Review.tsx","statementMap":{"0":{"start":{"line":17,"column":21},"end":{"line":23,"column":3}},"1":{"start":{"line":18,"column":19},"end":{"line":18,"column":21}},"2":{"start":{"line":19,"column":4},"end":{"line":21,"column":5}},"3":{"start":{"line":19,"column":17},"end":{"line":19,"column":18}},"4":{"start":{"line":20,"column":6},"end":{"line":20,"column":31}},"5":{"start":{"line":22,"column":4},"end":{"line":22,"column":18}},"6":{"start":{"line":24,"column":2},"end":{"line":62,"column":4}},"7":{"start":{"line":31,"column":12},"end":{"line":34,"column":14}}},"fnMap":{"0":{"name":"Review","decl":{"start":{"line":16,"column":24},"end":{"line":16,"column":30}},"loc":{"start":{"line":16,"column":67},"end":{"line":63,"column":1}},"line":16},"1":{"name":"(anonymous_1)","decl":{"start":{"line":17,"column":21},"end":{"line":17,"column":22}},"loc":{"start":{"line":17,"column":42},"end":{"line":23,"column":3}},"line":17},"2":{"name":"(anonymous_2)","decl":{"start":{"line":30,"column":33},"end":{"line":30,"column":34}},"loc":{"start":{"line":31,"column":12},"end":{"line":34,"column":14}},"line":31}},"branchMap":{"0":{"loc":{"start":{"line":32,"column":19},"end":{"line":32,"column":53}},"type":"cond-expr","locations":[{"start":{"line":32,"column":23},"end":{"line":32,"column":34}},{"start":{"line":32,"column":37},"end":{"line":32,"column":53}}],"line":32}},"s":{"0":0,"1":0,"2":0,"3":0,"4":0,"5":0,"6":0,"7":0},"f":{"0":0,"1":0,"2":0},"b":{"0":[0,0]}}
,"/Users/ssuzy/Documents/project/dotori_suul/src/components/SuulDetail.tsx": {"path":"/Users/ssuzy/Documents/project/dotori_suul/src/components/SuulDetail.tsx","statementMap":{"0":{"start":{"line":9,"column":15},"end":{"line":9,"column":28}},"1":{"start":{"line":10,"column":21},"end":{"line":12,"column":3}},"2":{"start":{"line":11,"column":4},"end":{"line":11,"column":18}},"3":{"start":{"line":13,"column":2},"end":{"line":41,"column":4}}},"fnMap":{"0":{"name":"SuulDetail","decl":{"start":{"line":8,"column":24},"end":{"line":8,"column":34}},"loc":{"start":{"line":8,"column":37},"end":{"line":42,"column":1}},"line":8},"1":{"name":"(anonymous_1)","decl":{"start":{"line":10,"column":21},"end":{"line":10,"column":22}},"loc":{"start":{"line":10,"column":27},"end":{"line":12,"column":3}},"line":10}},"branchMap":{},"s":{"0":0,"1":0,"2":0,"3":0},"f":{"0":0,"1":0},"b":{}}
,"/Users/ssuzy/Documents/project/dotori_suul/src/components/SuulInfo.tsx": {"path":"/Users/ssuzy/Documents/project/dotori_suul/src/components/SuulInfo.tsx","statementMap":{"0":{"start":{"line":14,"column":15},"end":{"line":32,"column":3}},"1":{"start":{"line":34,"column":2},"end":{"line":88,"column":4}},"2":{"start":{"line":74,"column":12},"end":{"line":77,"column":16}}},"fnMap":{"0":{"name":"SuulInfo","decl":{"start":{"line":13,"column":24},"end":{"line":13,"column":32}},"loc":{"start":{"line":13,"column":35},"end":{"line":89,"column":1}},"line":13},"1":{"name":"(anonymous_1)","decl":{"start":{"line":73,"column":29},"end":{"line":73,"column":30}},"loc":{"start":{"line":74,"column":12},"end":{"line":77,"column":16}},"line":74}},"branchMap":{"0":{"loc":{"start":{"line":76,"column":15},"end":{"line":76,"column":53}},"type":"binary-expr","locations":[{"start":{"line":76,"column":15},"end":{"line":76,"column":24}},{"start":{"line":76,"column":28},"end":{"line":76,"column":53}}],"line":76}},"s":{"0":0,"1":0,"2":0},"f":{"0":0,"1":0},"b":{"0":[0,0]}}
,"/Users/ssuzy/Documents/project/dotori_suul/src/components/Writing.tsx": {"path":"/Users/ssuzy/Documents/project/dotori_suul/src/components/Writing.tsx","statementMap":{"0":{"start":{"line":7,"column":19},"end":{"line":7,"column":30}},"1":{"start":{"line":8,"column":28},"end":{"line":8,"column":45}},"2":{"start":{"line":10,"column":13},"end":{"line":10,"column":34}},"3":{"start":{"line":11,"column":2},"end":{"line":11,"column":24}},"4":{"start":{"line":12,"column":2},"end":{"line":18,"column":3}},"5":{"start":{"line":13,"column":4},"end":{"line":13,"column":38}},"6":{"start":{"line":14,"column":9},"end":{"line":18,"column":3}},"7":{"start":{"line":15,"column":4},"end":{"line":15,"column":27}},"8":{"start":{"line":16,"column":9},"end":{"line":18,"column":3}},"9":{"start":{"line":17,"column":4},"end":{"line":17,"column":31}}},"fnMap":{"0":{"name":"Writing","decl":{"start":{"line":6,"column":24},"end":{"line":6,"column":31}},"loc":{"start":{"line":6,"column":34},"end":{"line":19,"column":1}},"line":6}},"branchMap":{"0":{"loc":{"start":{"line":10,"column":13},"end":{"line":10,"column":34}},"type":"binary-expr","locations":[{"start":{"line":10,"column":13},"end":{"line":10,"column":28}},{"start":{"line":10,"column":32},"end":{"line":10,"column":34}}],"line":10},"1":{"loc":{"start":{"line":12,"column":2},"end":{"line":18,"column":3}},"type":"if","locations":[{"start":{"line":12,"column":2},"end":{"line":18,"column":3}},{"start":{"line":14,"column":9},"end":{"line":18,"column":3}}],"line":12},"2":{"loc":{"start":{"line":14,"column":9},"end":{"line":18,"column":3}},"type":"if","locations":[{"start":{"line":14,"column":9},"end":{"line":18,"column":3}},{"start":{"line":16,"column":9},"end":{"line":18,"column":3}}],"line":14},"3":{"loc":{"start":{"line":16,"column":9},"end":{"line":18,"column":3}},"type":"if","locations":[{"start":{"line":16,"column":9},"end":{"line":18,"column":3}},{"start":{},"end":{}}],"line":16}},"s":{"0":0,"1":0,"2":0,"3":0,"4":0,"5":0,"6":0,"7":0,"8":0,"9":0},"f":{"0":0},"b":{"0":[0,0],"1":[0,0],"2":[0,0],"3":[0,0]}}
,"/Users/ssuzy/Documents/project/dotori_suul/src/components/WritingList.tsx": {"path":"/Users/ssuzy/Documents/project/dotori_suul/src/components/WritingList.tsx","statementMap":{"0":{"start":{"line":2,"column":2},"end":{"line":202,"column":4}}},"fnMap":{"0":{"name":"WritingList","decl":{"start":{"line":1,"column":24},"end":{"line":1,"column":35}},"loc":{"start":{"line":1,"column":38},"end":{"line":203,"column":1}},"line":1}},"branchMap":{},"s":{"0":0},"f":{"0":0},"b":{}}
,"/Users/ssuzy/Documents/project/dotori_suul/src/components/forms/InputAddress.tsx": {"path":"/Users/ssuzy/Documents/project/dotori_suul/src/components/forms/InputAddress.tsx","statementMap":{"0":{"start":{"line":13,"column":15},"end":{"line":13,"column":46}},"1":{"start":{"line":15,"column":25},"end":{"line":29,"column":3}},"2":{"start":{"line":16,"column":22},"end":{"line":16,"column":34}},"3":{"start":{"line":17,"column":23},"end":{"line":17,"column":25}},"4":{"start":{"line":19,"column":4},"end":{"line":28,"column":5}},"5":{"start":{"line":20,"column":6},"end":{"line":22,"column":7}},"6":{"start":{"line":21,"column":8},"end":{"line":21,"column":35}},"7":{"start":{"line":23,"column":6},"end":{"line":26,"column":7}},"8":{"start":{"line":24,"column":8},"end":{"line":25,"column":77}},"9":{"start":{"line":27,"column":6},"end":{"line":27,"column":69}},"10":{"start":{"line":31,"column":22},"end":{"line":33,"column":3}},"11":{"start":{"line":32,"column":4},"end":{"line":32,"column":41}},"12":{"start":{"line":35,"column":2},"end":{"line":39,"column":4}}},"fnMap":{"0":{"name":"InputAddress","decl":{"start":{"line":11,"column":24},"end":{"line":11,"column":36}},"loc":{"start":{"line":11,"column":39},"end":{"line":40,"column":1}},"line":11},"1":{"name":"(anonymous_1)","decl":{"start":{"line":15,"column":25},"end":{"line":15,"column":26}},"loc":{"start":{"line":15,"column":35},"end":{"line":29,"column":3}},"line":15},"2":{"name":"(anonymous_2)","decl":{"start":{"line":31,"column":22},"end":{"line":31,"column":23}},"loc":{"start":{"line":31,"column":28},"end":{"line":33,"column":3}},"line":31}},"branchMap":{"0":{"loc":{"start":{"line":19,"column":4},"end":{"line":28,"column":5}},"type":"if","locations":[{"start":{"line":19,"column":4},"end":{"line":28,"column":5}},{"start":{},"end":{}}],"line":19},"1":{"loc":{"start":{"line":20,"column":6},"end":{"line":22,"column":7}},"type":"if","locations":[{"start":{"line":20,"column":6},"end":{"line":22,"column":7}},{"start":{},"end":{}}],"line":20},"2":{"loc":{"start":{"line":23,"column":6},"end":{"line":26,"column":7}},"type":"if","locations":[{"start":{"line":23,"column":6},"end":{"line":26,"column":7}},{"start":{},"end":{}}],"line":23},"3":{"loc":{"start":{"line":25,"column":10},"end":{"line":25,"column":76}},"type":"cond-expr","locations":[{"start":{"line":25,"column":32},"end":{"line":25,"column":56}},{"start":{"line":25,"column":59},"end":{"line":25,"column":76}}],"line":25},"4":{"loc":{"start":{"line":27,"column":21},"end":{"line":27,"column":68}},"type":"cond-expr","locations":[{"start":{"line":27,"column":43},"end":{"line":27,"column":63}},{"start":{"line":27,"column":66},"end":{"line":27,"column":68}}],"line":27}},"s":{"0":0,"1":0,"2":0,"3":0,"4":0,"5":0,"6":0,"7":0,"8":0,"9":0,"10":0,"11":0,"12":0},"f":{"0":0,"1":0,"2":0},"b":{"0":[0,0],"1":[0,0],"2":[0,0],"3":[0,0],"4":[0,0]}}
,"/Users/ssuzy/Documents/project/dotori_suul/src/components/forms/WritingBrewery.tsx": {"path":"/Users/ssuzy/Documents/project/dotori_suul/src/components/forms/WritingBrewery.tsx","statementMap":{"0":{"start":{"line":17,"column":2},"end":{"line":17,"column":34}},"1":{"start":{"line":19,"column":31},"end":{"line":19,"column":46}},"2":{"start":{"line":20,"column":37},"end":{"line":20,"column":46}},"3":{"start":{"line":21,"column":19},"end":{"line":23,"column":3}},"4":{"start":{"line":22,"column":4},"end":{"line":22,"column":38}},"5":{"start":{"line":24,"column":2},"end":{"line":242,"column":4}},"6":{"start":{"line":28,"column":25},"end":{"line":28,"column":51}}},"fnMap":{"0":{"name":"WritingBrewery","decl":{"start":{"line":16,"column":24},"end":{"line":16,"column":38}},"loc":{"start":{"line":16,"column":54},"end":{"line":243,"column":1}},"line":16},"1":{"name":"(anonymous_1)","decl":{"start":{"line":21,"column":19},"end":{"line":21,"column":20}},"loc":{"start":{"line":21,"column":43},"end":{"line":23,"column":3}},"line":21},"2":{"name":"(anonymous_2)","decl":{"start":{"line":28,"column":19},"end":{"line":28,"column":20}},"loc":{"start":{"line":28,"column":25},"end":{"line":28,"column":51}},"line":28}},"branchMap":{"0":{"loc":{"start":{"line":17,"column":14},"end":{"line":17,"column":32}},"type":"cond-expr","locations":[{"start":{"line":17,"column":19},"end":{"line":17,"column":21}},{"start":{"line":17,"column":24},"end":{"line":17,"column":32}}],"line":17}},"s":{"0":0,"1":0,"2":0,"3":0,"4":0,"5":0,"6":0},"f":{"0":0,"1":0,"2":0},"b":{"0":[0,0]}}
,"/Users/ssuzy/Documents/project/dotori_suul/src/components/forms/WritingFestival.tsx": {"path":"/Users/ssuzy/Documents/project/dotori_suul/src/components/forms/WritingFestival.tsx","statementMap":{"0":{"start":{"line":10,"column":31},"end":{"line":10,"column":46}},"1":{"start":{"line":11,"column":13},"end":{"line":11,"column":22}},"2":{"start":{"line":12,"column":2},"end":{"line":91,"column":4}},"3":{"start":{"line":16,"column":25},"end":{"line":16,"column":51}}},"fnMap":{"0":{"name":"WritingFestival","decl":{"start":{"line":9,"column":24},"end":{"line":9,"column":39}},"loc":{"start":{"line":9,"column":42},"end":{"line":92,"column":1}},"line":9},"1":{"name":"(anonymous_1)","decl":{"start":{"line":16,"column":19},"end":{"line":16,"column":20}},"loc":{"start":{"line":16,"column":25},"end":{"line":16,"column":51}},"line":16}},"branchMap":{},"s":{"0":0,"1":0,"2":0,"3":0},"f":{"0":0,"1":0},"b":{}}
,"/Users/ssuzy/Documents/project/dotori_suul/src/components/forms/WritingSuul.tsx": {"path":"/Users/ssuzy/Documents/project/dotori_suul/src/components/forms/WritingSuul.tsx","statementMap":{"0":{"start":{"line":8,"column":31},"end":{"line":8,"column":46}},"1":{"start":{"line":9,"column":13},"end":{"line":9,"column":22}},"2":{"start":{"line":10,"column":2},"end":{"line":238,"column":4}},"3":{"start":{"line":14,"column":25},"end":{"line":14,"column":51}}},"fnMap":{"0":{"name":"WritingSuul","decl":{"start":{"line":7,"column":24},"end":{"line":7,"column":35}},"loc":{"start":{"line":7,"column":38},"end":{"line":239,"column":1}},"line":7},"1":{"name":"(anonymous_1)","decl":{"start":{"line":14,"column":19},"end":{"line":14,"column":20}},"loc":{"start":{"line":14,"column":25},"end":{"line":14,"column":51}},"line":14}},"branchMap":{},"s":{"0":0,"1":0,"2":0,"3":0},"f":{"0":0,"1":0},"b":{}}
,"/Users/ssuzy/Documents/project/dotori_suul/src/components/layout/Header.tsx": {"path":"/Users/ssuzy/Documents/project/dotori_suul/src/components/layout/Header.tsx","statementMap":{"0":{"start":{"line":15,"column":44},"end":{"line":15,"column":59}},"1":{"start":{"line":16,"column":22},"end":{"line":16,"column":23}},"2":{"start":{"line":18,"column":19},"end":{"line":18,"column":32}},"3":{"start":{"line":19,"column":48},"end":{"line":19,"column":63}},"4":{"start":{"line":20,"column":20},"end":{"line":22,"column":3}},"5":{"start":{"line":21,"column":4},"end":{"line":21,"column":39}},"6":{"start":{"line":24,"column":2},"end":{"line":43,"column":9}},"7":{"start":{"line":25,"column":25},"end":{"line":36,"column":5}},"8":{"start":{"line":27,"column":8},"end":{"line":27,"column":64}},"9":{"start":{"line":29,"column":6},"end":{"line":33,"column":7}},"10":{"start":{"line":30,"column":8},"end":{"line":30,"column":31}},"11":{"start":{"line":32,"column":8},"end":{"line":32,"column":32}},"12":{"start":{"line":35,"column":6},"end":{"line":35,"column":61}},"13":{"start":{"line":38,"column":4},"end":{"line":38,"column":52}},"14":{"start":{"line":40,"column":4},"end":{"line":42,"column":6}},"15":{"start":{"line":41,"column":6},"end":{"line":41,"column":57}},"16":{"start":{"line":45,"column":2},"end":{"line":91,"column":4}},"17":{"start":{"line":76,"column":27},"end":{"line":76,"column":54}}},"fnMap":{"0":{"name":"Header","decl":{"start":{"line":14,"column":24},"end":{"line":14,"column":30}},"loc":{"start":{"line":14,"column":66},"end":{"line":92,"column":1}},"line":14},"1":{"name":"(anonymous_1)","decl":{"start":{"line":20,"column":20},"end":{"line":20,"column":21}},"loc":{"start":{"line":20,"column":26},"end":{"line":22,"column":3}},"line":20},"2":{"name":"(anonymous_2)","decl":{"start":{"line":24,"column":12},"end":{"line":24,"column":13}},"loc":{"start":{"line":24,"column":18},"end":{"line":43,"column":3}},"line":24},"3":{"name":"(anonymous_3)","decl":{"start":{"line":25,"column":25},"end":{"line":25,"column":26}},"loc":{"start":{"line":25,"column":31},"end":{"line":36,"column":5}},"line":25},"4":{"name":"(anonymous_4)","decl":{"start":{"line":40,"column":11},"end":{"line":40,"column":12}},"loc":{"start":{"line":40,"column":17},"end":{"line":42,"column":5}},"line":40},"5":{"name":"(anonymous_5)","decl":{"start":{"line":76,"column":21},"end":{"line":76,"column":22}},"loc":{"start":{"line":76,"column":27},"end":{"line":76,"column":54}},"line":76}},"branchMap":{"0":{"loc":{"start":{"line":27,"column":8},"end":{"line":27,"column":64}},"type":"binary-expr","locations":[{"start":{"line":27,"column":8},"end":{"line":27,"column":26}},{"start":{"line":27,"column":30},"end":{"line":27,"column":64}}],"line":27},"1":{"loc":{"start":{"line":29,"column":6},"end":{"line":33,"column":7}},"type":"if","locations":[{"start":{"line":29,"column":6},"end":{"line":33,"column":7}},{"start":{"line":31,"column":13},"end":{"line":33,"column":7}}],"line":29},"2":{"loc":{"start":{"line":35,"column":22},"end":{"line":35,"column":60}},"type":"cond-expr","locations":[{"start":{"line":35,"column":43},"end":{"line":35,"column":44}},{"start":{"line":35,"column":47},"end":{"line":35,"column":60}}],"line":35},"3":{"loc":{"start":{"line":52,"column":13},"end":{"line":52,"column":42}},"type":"cond-expr","locations":[{"start":{"line":52,"column":29},"end":{"line":52,"column":36}},{"start":{"line":52,"column":39},"end":{"line":52,"column":42}}],"line":52},"4":{"loc":{"start":{"line":66,"column":9},"end":{"line":88,"column":9}},"type":"cond-expr","locations":[{"start":{"line":67,"column":10},"end":{"line":72,"column":19}},{"start":{"line":74,"column":10},"end":{"line":79,"column":19}}],"line":66}},"s":{"0":0,"1":0,"2":0,"3":0,"4":0,"5":0,"6":0,"7":0,"8":0,"9":0,"10":0,"11":0,"12":0,"13":0,"14":0,"15":0,"16":0,"17":0},"f":{"0":0,"1":0,"2":0,"3":0,"4":0,"5":0},"b":{"0":[0,0],"1":[0,0],"2":[0,0],"3":[0,0],"4":[0,0]}}
,"/Users/ssuzy/Documents/project/dotori_suul/src/components/layout/Loading.tsx": {"path":"/Users/ssuzy/Documents/project/dotori_suul/src/components/layout/Loading.tsx","statementMap":{"0":{"start":{"line":2,"column":2},"end":{"line":24,"column":4}}},"fnMap":{"0":{"name":"Loading","decl":{"start":{"line":1,"column":24},"end":{"line":1,"column":31}},"loc":{"start":{"line":1,"column":34},"end":{"line":25,"column":1}},"line":1}},"branchMap":{},"s":{"0":0},"f":{"0":0},"b":{}}
,"/Users/ssuzy/Documents/project/dotori_suul/src/components/layout/Menu.tsx": {"path":"/Users/ssuzy/Documents/project/dotori_suul/src/components/layout/Menu.tsx","statementMap":{"0":{"start":{"line":10,"column":19},"end":{"line":10,"column":32}},"1":{"start":{"line":12,"column":19},"end":{"line":14,"column":3}},"2":{"start":{"line":13,"column":4},"end":{"line":13,"column":55}},"3":{"start":{"line":16,"column":2},"end":{"line":129,"column":4}}},"fnMap":{"0":{"name":"Menu","decl":{"start":{"line":9,"column":24},"end":{"line":9,"column":28}},"loc":{"start":{"line":9,"column":31},"end":{"line":130,"column":1}},"line":9},"1":{"name":"(anonymous_1)","decl":{"start":{"line":12,"column":19},"end":{"line":12,"column":20}},"loc":{"start":{"line":12,"column":37},"end":{"line":14,"column":3}},"line":12}},"branchMap":{"0":{"loc":{"start":{"line":22,"column":14},"end":{"line":23,"column":45}},"type":"binary-expr","locations":[{"start":{"line":22,"column":15},"end":{"line":22,"column":40}},{"start":{"line":22,"column":44},"end":{"line":22,"column":65}},{"start":{"line":23,"column":14},"end":{"line":23,"column":45}}],"line":22},"1":{"loc":{"start":{"line":33,"column":16},"end":{"line":35,"column":35}},"type":"cond-expr","locations":[{"start":{"line":34,"column":20},"end":{"line":34,"column":45}},{"start":{"line":35,"column":20},"end":{"line":35,"column":35}}],"line":33},"2":{"loc":{"start":{"line":33,"column":16},"end":{"line":33,"column":66}},"type":"binary-expr","locations":[{"start":{"line":33,"column":16},"end":{"line":33,"column":41}},{"start":{"line":33,"column":45},"end":{"line":33,"column":66}}],"line":33},"3":{"loc":{"start":{"line":46,"column":14},"end":{"line":46,"column":69}},"type":"binary-expr","locations":[{"start":{"line":46,"column":14},"end":{"line":46,"column":34}},{"start":{"line":46,"column":38},"end":{"line":46,"column":69}}],"line":46},"4":{"loc":{"start":{"line":56,"column":16},"end":{"line":58,"column":35}},"type":"cond-expr","locations":[{"start":{"line":57,"column":20},"end":{"line":57,"column":45}},{"start":{"line":58,"column":20},"end":{"line":58,"column":35}}],"line":56},"5":{"loc":{"start":{"line":68,"column":14},"end":{"line":68,"column":66}},"type":"binary-expr","locations":[{"start":{"line":68,"column":14},"end":{"line":68,"column":31}},{"start":{"line":68,"column":35},"end":{"line":68,"column":66}}],"line":68},"6":{"loc":{"start":{"line":79,"column":18},"end":{"line":81,"column":37}},"type":"cond-expr","locations":[{"start":{"line":80,"column":22},"end":{"line":80,"column":47}},{"start":{"line":81,"column":22},"end":{"line":81,"column":37}}],"line":79},"7":{"loc":{"start":{"line":92,"column":14},"end":{"line":92,"column":70}},"type":"binary-expr","locations":[{"start":{"line":92,"column":14},"end":{"line":92,"column":35}},{"start":{"line":92,"column":39},"end":{"line":92,"column":70}}],"line":92},"8":{"loc":{"start":{"line":102,"column":16},"end":{"line":104,"column":35}},"type":"cond-expr","locations":[{"start":{"line":103,"column":20},"end":{"line":103,"column":45}},{"start":{"line":104,"column":20},"end":{"line":104,"column":35}}],"line":102}},"s":{"0":0,"1":0,"2":0,"3":0},"f":{"0":0,"1":0},"b":{"0":[0,0,0],"1":[0,0],"2":[0,0],"3":[0,0],"4":[0,0],"5":[0,0],"6":[0,0],"7":[0,0],"8":[0,0]}}
,"/Users/ssuzy/Documents/project/dotori_suul/src/pages/Admin.tsx": {"path":"/Users/ssuzy/Documents/project/dotori_suul/src/pages/Admin.tsx","statementMap":{"0":{"start":{"line":5,"column":2},"end":{"line":9,"column":4}}},"fnMap":{"0":{"name":"Admin","decl":{"start":{"line":4,"column":24},"end":{"line":4,"column":29}},"loc":{"start":{"line":4,"column":32},"end":{"line":10,"column":1}},"line":4}},"branchMap":{},"s":{"0":0},"f":{"0":0},"b":{}}
,"/Users/ssuzy/Documents/project/dotori_suul/src/pages/Brewery.tsx": {"path":"/Users/ssuzy/Documents/project/dotori_suul/src/pages/Brewery.tsx","statementMap":{"0":{"start":{"line":7,"column":32},"end":{"line":7,"column":47}},"1":{"start":{"line":8,"column":19},"end":{"line":8,"column":32}},"2":{"start":{"line":10,"column":15},"end":{"line":10,"column":28}},"3":{"start":{"line":12,"column":22},"end":{"line":47,"column":3}},"4":{"start":{"line":49,"column":18},"end":{"line":56,"column":3}},"5":{"start":{"line":50,"column":4},"end":{"line":50,"column":30}},"6":{"start":{"line":51,"column":4},"end":{"line":55,"column":5}},"7":{"start":{"line":52,"column":6},"end":{"line":52,"column":23}},"8":{"start":{"line":53,"column":6},"end":{"line":53,"column":40}},"9":{"start":{"line":58,"column":2},"end":{"line":71,"column":17}},"10":{"start":{"line":60,"column":4},"end":{"line":62,"column":5}},"11":{"start":{"line":61,"column":6},"end":{"line":61,"column":24}},"12":{"start":{"line":63,"column":4},"end":{"line":65,"column":5}},"13":{"start":{"line":64,"column":6},"end":{"line":64,"column":71}},"14":{"start":{"line":67,"column":4},"end":{"line":70,"column":6}},"15":{"start":{"line":68,"column":6},"end":{"line":68,"column":28}},"16":{"start":{"line":69,"column":6},"end":{"line":69,"column":69}},"17":{"start":{"line":72,"column":2},"end":{"line":130,"column":4}},"18":{"start":{"line":101,"column":12},"end":{"line":113,"column":17}},"19":{"start":{"line":104,"column":16},"end":{"line":104,"column":33}}},"fnMap":{"0":{"name":"Brewery","decl":{"start":{"line":6,"column":24},"end":{"line":6,"column":31}},"loc":{"start":{"line":6,"column":34},"end":{"line":131,"column":1}},"line":6},"1":{"name":"(anonymous_1)","decl":{"start":{"line":49,"column":18},"end":{"line":49,"column":19}},"loc":{"start":{"line":49,"column":34},"end":{"line":56,"column":3}},"line":49},"2":{"name":"(anonymous_2)","decl":{"start":{"line":58,"column":12},"end":{"line":58,"column":13}},"loc":{"start":{"line":58,"column":18},"end":{"line":71,"column":3}},"line":58},"3":{"name":"(anonymous_3)","decl":{"start":{"line":67,"column":11},"end":{"line":67,"column":12}},"loc":{"start":{"line":67,"column":17},"end":{"line":70,"column":5}},"line":67},"4":{"name":"(anonymous_4)","decl":{"start":{"line":100,"column":27},"end":{"line":100,"column":28}},"loc":{"start":{"line":101,"column":12},"end":{"line":113,"column":17}},"line":101},"5":{"name":"(anonymous_5)","decl":{"start":{"line":103,"column":23},"end":{"line":103,"column":24}},"loc":{"start":{"line":103,"column":29},"end":{"line":105,"column":15}},"line":103}},"branchMap":{"0":{"loc":{"start":{"line":51,"column":4},"end":{"line":55,"column":5}},"type":"if","locations":[{"start":{"line":51,"column":4},"end":{"line":55,"column":5}},{"start":{"line":54,"column":11},"end":{"line":55,"column":5}}],"line":51},"1":{"loc":{"start":{"line":60,"column":4},"end":{"line":62,"column":5}},"type":"if","locations":[{"start":{"line":60,"column":4},"end":{"line":62,"column":5}},{"start":{},"end":{}}],"line":60},"2":{"loc":{"start":{"line":63,"column":4},"end":{"line":65,"column":5}},"type":"if","locations":[{"start":{"line":63,"column":4},"end":{"line":65,"column":5}},{"start":{},"end":{}}],"line":63},"3":{"loc":{"start":{"line":77,"column":20},"end":{"line":77,"column":47}},"type":"cond-expr","locations":[{"start":{"line":77,"column":30},"end":{"line":77,"column":38}},{"start":{"line":77,"column":41},"end":{"line":77,"column":47}}],"line":77},"4":{"loc":{"start":{"line":122,"column":7},"end":{"line":128,"column":14}},"type":"cond-expr","locations":[{"start":{"line":123,"column":8},"end":{"line":127,"column":14}},{"start":{"line":128,"column":10},"end":{"line":128,"column":14}}],"line":122}},"s":{"0":0,"1":0,"2":0,"3":0,"4":0,"5":0,"6":0,"7":0,"8":0,"9":0,"10":0,"11":0,"12":0,"13":0,"14":0,"15":0,"16":0,"17":0,"18":0,"19":0},"f":{"0":0,"1":0,"2":0,"3":0,"4":0,"5":0},"b":{"0":[0,0],"1":[0,0],"2":[0,0],"3":[0,0],"4":[0,0]}}
,"/Users/ssuzy/Documents/project/dotori_suul/src/pages/CreateAccount.tsx": {"path":"/Users/ssuzy/Documents/project/dotori_suul/src/pages/CreateAccount.tsx","statementMap":{"0":{"start":{"line":21,"column":46},"end":{"line":21,"column":61}},"1":{"start":{"line":22,"column":21},"end":{"line":22,"column":65}},"2":{"start":{"line":22,"column":48},"end":{"line":22,"column":64}},"3":{"start":{"line":23,"column":20},"end":{"line":23,"column":63}},"4":{"start":{"line":23,"column":47},"end":{"line":23,"column":62}},"5":{"start":{"line":29,"column":6},"end":{"line":29,"column":35}},"6":{"start":{"line":31,"column":19},"end":{"line":81,"column":3}},"7":{"start":{"line":36,"column":4},"end":{"line":41,"column":5}},"8":{"start":{"line":37,"column":6},"end":{"line":39,"column":9}},"9":{"start":{"line":40,"column":6},"end":{"line":40,"column":13}},"10":{"start":{"line":43,"column":4},"end":{"line":43,"column":21}},"11":{"start":{"line":45,"column":4},"end":{"line":80,"column":5}},"12":{"start":{"line":46,"column":29},"end":{"line":50,"column":7}},"13":{"start":{"line":51,"column":23},"end":{"line":51,"column":42}},"14":{"start":{"line":53,"column":6},"end":{"line":70,"column":9}},"15":{"start":{"line":72,"column":6},"end":{"line":72,"column":28}},"16":{"start":{"line":74,"column":6},"end":{"line":74,"column":24}},"17":{"start":{"line":75,"column":6},"end":{"line":75,"column":23}},"18":{"start":{"line":77,"column":6},"end":{"line":79,"column":7}},"19":{"start":{"line":78,"column":8},"end":{"line":78,"column":47}},"20":{"start":{"line":83,"column":2},"end":{"line":186,"column":4}}},"fnMap":{"0":{"name":"CreateAccount","decl":{"start":{"line":20,"column":24},"end":{"line":20,"column":37}},"loc":{"start":{"line":20,"column":40},"end":{"line":187,"column":1}},"line":20},"1":{"name":"(anonymous_1)","decl":{"start":{"line":22,"column":37},"end":{"line":22,"column":38}},"loc":{"start":{"line":22,"column":48},"end":{"line":22,"column":64}},"line":22},"2":{"name":"(anonymous_2)","decl":{"start":{"line":23,"column":36},"end":{"line":23,"column":37}},"loc":{"start":{"line":23,"column":47},"end":{"line":23,"column":62}},"line":23},"3":{"name":"(anonymous_3)","decl":{"start":{"line":31,"column":19},"end":{"line":31,"column":20}},"loc":{"start":{"line":35,"column":28},"end":{"line":81,"column":3}},"line":35}},"branchMap":{"0":{"loc":{"start":{"line":36,"column":4},"end":{"line":41,"column":5}},"type":"if","locations":[{"start":{"line":36,"column":4},"end":{"line":41,"column":5}},{"start":{},"end":{}}],"line":36},"1":{"loc":{"start":{"line":77,"column":6},"end":{"line":79,"column":7}},"type":"if","locations":[{"start":{"line":77,"column":6},"end":{"line":79,"column":7}},{"start":{},"end":{}}],"line":77},"2":{"loc":{"start":{"line":85,"column":7},"end":{"line":85,"column":31}},"type":"binary-expr","locations":[{"start":{"line":85,"column":7},"end":{"line":85,"column":16}},{"start":{"line":85,"column":20},"end":{"line":85,"column":31}}],"line":85},"3":{"loc":{"start":{"line":108,"column":13},"end":{"line":112,"column":13}},"type":"binary-expr","locations":[{"start":{"line":108,"column":13},"end":{"line":108,"column":25}},{"start":{"line":109,"column":14},"end":{"line":111,"column":18}}],"line":108},"4":{"loc":{"start":{"line":128,"column":13},"end":{"line":132,"column":13}},"type":"binary-expr","locations":[{"start":{"line":128,"column":13},"end":{"line":128,"column":28}},{"start":{"line":129,"column":14},"end":{"line":131,"column":18}}],"line":128},"5":{"loc":{"start":{"line":144,"column":13},"end":{"line":148,"column":13}},"type":"binary-expr","locations":[{"start":{"line":144,"column":13},"end":{"line":144,"column":29}},{"start":{"line":145,"column":14},"end":{"line":147,"column":18}}],"line":144}},"s":{"0":0,"1":0,"2":0,"3":0,"4":0,"5":0,"6":0,"7":0,"8":0,"9":0,"10":0,"11":0,"12":0,"13":0,"14":0,"15":0,"16":0,"17":0,"18":0,"19":0,"20":0},"f":{"0":0,"1":0,"2":0,"3":0},"b":{"0":[0,0],"1":[0,0],"2":[0,0],"3":[0,0],"4":[0,0],"5":[0,0]}}
,"/Users/ssuzy/Documents/project/dotori_suul/src/pages/Festival.tsx": {"path":"/Users/ssuzy/Documents/project/dotori_suul/src/pages/Festival.tsx","statementMap":{"0":{"start":{"line":4,"column":24},"end":{"line":25,"column":3}},"1":{"start":{"line":26,"column":2},"end":{"line":37,"column":4}},"2":{"start":{"line":29,"column":8},"end":{"line":34,"column":10}}},"fnMap":{"0":{"name":"Festival","decl":{"start":{"line":3,"column":24},"end":{"line":3,"column":32}},"loc":{"start":{"line":3,"column":35},"end":{"line":38,"column":1}},"line":3},"1":{"name":"(anonymous_1)","decl":{"start":{"line":28,"column":25},"end":{"line":28,"column":26}},"loc":{"start":{"line":29,"column":8},"end":{"line":34,"column":10}},"line":29}},"branchMap":{},"s":{"0":0,"1":0,"2":0},"f":{"0":0,"1":0},"b":{}}
,"/Users/ssuzy/Documents/project/dotori_suul/src/pages/Homebrew.tsx": {"path":"/Users/ssuzy/Documents/project/dotori_suul/src/pages/Homebrew.tsx","statementMap":{"0":{"start":{"line":16,"column":30},"end":{"line":47,"column":1}},"1":{"start":{"line":50,"column":15},"end":{"line":50,"column":28}},"2":{"start":{"line":51,"column":42},"end":{"line":51,"column":67}},"3":{"start":{"line":52,"column":19},"end":{"line":54,"column":3}},"4":{"start":{"line":53,"column":4},"end":{"line":53,"column":27}},"5":{"start":{"line":55,"column":2},"end":{"line":72,"column":4}},"6":{"start":{"line":59,"column":10},"end":{"line":67,"column":15}},"7":{"start":{"line":59,"column":43},"end":{"line":59,"column":60}}},"fnMap":{"0":{"name":"Homebrew","decl":{"start":{"line":49,"column":24},"end":{"line":49,"column":32}},"loc":{"start":{"line":49,"column":35},"end":{"line":73,"column":1}},"line":49},"1":{"name":"(anonymous_1)","decl":{"start":{"line":52,"column":19},"end":{"line":52,"column":20}},"loc":{"start":{"line":52,"column":35},"end":{"line":54,"column":3}},"line":52},"2":{"name":"(anonymous_2)","decl":{"start":{"line":58,"column":22},"end":{"line":58,"column":23}},"loc":{"start":{"line":59,"column":10},"end":{"line":67,"column":15}},"line":59},"3":{"name":"(anonymous_3)","decl":{"start":{"line":59,"column":37},"end":{"line":59,"column":38}},"loc":{"start":{"line":59,"column":43},"end":{"line":59,"column":60}},"line":59}},"branchMap":{},"s":{"0":0,"1":0,"2":0,"3":0,"4":0,"5":0,"6":0,"7":0},"f":{"0":0,"1":0,"2":0,"3":0},"b":{}}
,"/Users/ssuzy/Documents/project/dotori_suul/src/pages/Introduction.tsx": {"path":"/Users/ssuzy/Documents/project/dotori_suul/src/pages/Introduction.tsx","statementMap":{"0":{"start":{"line":2,"column":2},"end":{"line":2,"column":33}}},"fnMap":{"0":{"name":"Introduction","decl":{"start":{"line":1,"column":24},"end":{"line":1,"column":36}},"loc":{"start":{"line":1,"column":39},"end":{"line":3,"column":1}},"line":1}},"branchMap":{},"s":{"0":0},"f":{"0":0},"b":{}}
,"/Users/ssuzy/Documents/project/dotori_suul/src/pages/Login.tsx": {"path":"/Users/ssuzy/Documents/project/dotori_suul/src/pages/Login.tsx","statementMap":{"0":{"start":{"line":18,"column":54},"end":{"line":18,"column":69}},"1":{"start":{"line":19,"column":20},"end":{"line":19,"column":63}},"2":{"start":{"line":19,"column":47},"end":{"line":19,"column":62}},"3":{"start":{"line":20,"column":21},"end":{"line":20,"column":65}},"4":{"start":{"line":20,"column":48},"end":{"line":20,"column":64}},"5":{"start":{"line":27,"column":6},"end":{"line":27,"column":27}},"6":{"start":{"line":29,"column":19},"end":{"line":38,"column":3}},"7":{"start":{"line":30,"column":4},"end":{"line":37,"column":5}},"8":{"start":{"line":31,"column":6},"end":{"line":31,"column":23}},"9":{"start":{"line":32,"column":6},"end":{"line":32,"column":62}},"10":{"start":{"line":33,"column":6},"end":{"line":33,"column":24}},"11":{"start":{"line":34,"column":6},"end":{"line":34,"column":23}},"12":{"start":{"line":36,"column":6},"end":{"line":36,"column":40}},"13":{"start":{"line":40,"column":2},"end":{"line":119,"column":4}}},"fnMap":{"0":{"name":"Login","decl":{"start":{"line":17,"column":24},"end":{"line":17,"column":29}},"loc":{"start":{"line":17,"column":32},"end":{"line":120,"column":1}},"line":17},"1":{"name":"(anonymous_1)","decl":{"start":{"line":19,"column":36},"end":{"line":19,"column":37}},"loc":{"start":{"line":19,"column":47},"end":{"line":19,"column":62}},"line":19},"2":{"name":"(anonymous_2)","decl":{"start":{"line":20,"column":37},"end":{"line":20,"column":38}},"loc":{"start":{"line":20,"column":48},"end":{"line":20,"column":64}},"line":20},"3":{"name":"(anonymous_3)","decl":{"start":{"line":29,"column":19},"end":{"line":29,"column":20}},"loc":{"start":{"line":29,"column":62},"end":{"line":38,"column":3}},"line":29}},"branchMap":{"0":{"loc":{"start":{"line":42,"column":7},"end":{"line":42,"column":31}},"type":"binary-expr","locations":[{"start":{"line":42,"column":7},"end":{"line":42,"column":16}},{"start":{"line":42,"column":20},"end":{"line":42,"column":31}}],"line":42},"1":{"loc":{"start":{"line":64,"column":13},"end":{"line":68,"column":13}},"type":"binary-expr","locations":[{"start":{"line":64,"column":13},"end":{"line":64,"column":25}},{"start":{"line":65,"column":14},"end":{"line":67,"column":18}}],"line":64},"2":{"loc":{"start":{"line":77,"column":13},"end":{"line":81,"column":13}},"type":"binary-expr","locations":[{"start":{"line":77,"column":13},"end":{"line":77,"column":28}},{"start":{"line":78,"column":14},"end":{"line":80,"column":18}}],"line":77}},"s":{"0":0,"1":0,"2":0,"3":0,"4":0,"5":0,"6":0,"7":0,"8":0,"9":0,"10":0,"11":0,"12":0,"13":0},"f":{"0":0,"1":0,"2":0,"3":0},"b":{"0":[0,0],"1":[0,0],"2":[0,0]}}
,"/Users/ssuzy/Documents/project/dotori_suul/src/pages/MyPage.tsx": {"path":"/Users/ssuzy/Documents/project/dotori_suul/src/pages/MyPage.tsx","statementMap":{"0":{"start":{"line":5,"column":32},"end":{"line":5,"column":46}},"1":{"start":{"line":6,"column":31},"end":{"line":6,"column":46}},"2":{"start":{"line":7,"column":2},"end":{"line":19,"column":4}},"3":{"start":{"line":13,"column":33},"end":{"line":13,"column":59}}},"fnMap":{"0":{"name":"MyPage","decl":{"start":{"line":4,"column":24},"end":{"line":4,"column":30}},"loc":{"start":{"line":4,"column":33},"end":{"line":20,"column":1}},"line":4},"1":{"name":"(anonymous_1)","decl":{"start":{"line":13,"column":27},"end":{"line":13,"column":28}},"loc":{"start":{"line":13,"column":33},"end":{"line":13,"column":59}},"line":13}},"branchMap":{"0":{"loc":{"start":{"line":11,"column":7},"end":{"line":17,"column":14}},"type":"cond-expr","locations":[{"start":{"line":12,"column":8},"end":{"line":16,"column":14}},{"start":{"line":17,"column":10},"end":{"line":17,"column":14}}],"line":11}},"s":{"0":0,"1":0,"2":0,"3":0},"f":{"0":0,"1":0},"b":{"0":[0,0]}}
,"/Users/ssuzy/Documents/project/dotori_suul/src/pages/Suul.tsx": {"path":"/Users/ssuzy/Documents/project/dotori_suul/src/pages/Suul.tsx","statementMap":{"0":{"start":{"line":5,"column":20},"end":{"line":45,"column":3}},"1":{"start":{"line":46,"column":15},"end":{"line":46,"column":28}},"2":{"start":{"line":47,"column":17},"end":{"line":50,"column":3}},"3":{"start":{"line":48,"column":4},"end":{"line":48,"column":20}},"4":{"start":{"line":49,"column":4},"end":{"line":49,"column":18}},"5":{"start":{"line":51,"column":2},"end":{"line":69,"column":4}},"6":{"start":{"line":55,"column":10},"end":{"line":63,"column":15}},"7":{"start":{"line":55,"column":43},"end":{"line":55,"column":58}}},"fnMap":{"0":{"name":"Suul","decl":{"start":{"line":4,"column":24},"end":{"line":4,"column":28}},"loc":{"start":{"line":4,"column":31},"end":{"line":70,"column":1}},"line":4},"1":{"name":"(anonymous_1)","decl":{"start":{"line":47,"column":17},"end":{"line":47,"column":18}},"loc":{"start":{"line":47,"column":33},"end":{"line":50,"column":3}},"line":47},"2":{"name":"(anonymous_2)","decl":{"start":{"line":54,"column":23},"end":{"line":54,"column":24}},"loc":{"start":{"line":55,"column":10},"end":{"line":63,"column":15}},"line":55},"3":{"name":"(anonymous_3)","decl":{"start":{"line":55,"column":37},"end":{"line":55,"column":38}},"loc":{"start":{"line":55,"column":43},"end":{"line":55,"column":58}},"line":55}},"branchMap":{},"s":{"0":0,"1":0,"2":0,"3":0,"4":0,"5":0,"6":0,"7":0},"f":{"0":0,"1":0,"2":0,"3":0},"b":{}}
}
