TN:
SF:src/components/AdminDashBoard.tsx
FN:14,AdminDashBoard
FN:16,(anonymous_1)
FN:19,(anonymous_2)
FN:28,(anonymous_3)
FN:57,(anonymous_4)
FN:64,(anonymous_5)
FN:93,(anonymous_6)
FN:99,(anonymous_7)
FN:129,(anonymous_8)
FN:135,(anonymous_9)
FNF:10
FNH:0
FNDA:0,AdminDashBoard
FNDA:0,(anonymous_1)
FNDA:0,(anonymous_2)
FNDA:0,(anonymous_3)
FNDA:0,(anonymous_4)
FNDA:0,(anonymous_5)
FNDA:0,(anonymous_6)
FNDA:0,(anonymous_7)
FNDA:0,(anonymous_8)
FNDA:0,(anonymous_9)
DA:15,0
DA:16,0
DA:17,0
DA:19,0
DA:20,0
DA:22,0
DA:28,0
DA:57,0
DA:64,0
DA:93,0
DA:99,0
DA:129,0
DA:135,0
LF:13
LH:0
BRF:0
BRH:0
end_of_record
TN:
SF:src/components/BreweryDetail.tsx
FN:23,BreweryDetail
FN:26,(anonymous_1)
FN:37,(anonymous_2)
FN:56,(anonymous_3)
FN:63,(anonymous_4)
FN:70,(anonymous_5)
FNF:6
FNH:0
FNDA:0,BreweryDetail
FNDA:0,(anonymous_1)
FNDA:0,(anonymous_2)
FNDA:0,(anonymous_3)
FNDA:0,(anonymous_4)
FNDA:0,(anonymous_5)
DA:24,0
DA:25,0
DA:26,0
DA:27,0
DA:30,0
DA:37,0
DA:56,0
DA:63,0
DA:70,0
LF:9
LH:0
BRF:0
BRH:0
end_of_record
TN:
SF:src/components/BreweryInfo.tsx
FN:7,BreweryInformation
FNF:1
FNH:0
FNDA:0,BreweryInformation
DA:8,0
DA:15,0
LF:2
LH:0
BRF:0
BRH:0
end_of_record
TN:
SF:src/components/BreweryProduct.tsx
FN:3,BreweryProduct
FN:51,(anonymous_1)
FNF:2
FNH:0
FNDA:0,BreweryProduct
FNDA:0,(anonymous_1)
DA:4,0
DA:48,0
DA:52,0
LF:3
LH:0
BRF:0
BRH:0
end_of_record
TN:
SF:src/components/BreweryReview.tsx
FN:3,BreweryReview
FN:64,(anonymous_1)
FNF:2
FNH:0
FNDA:0,BreweryReview
FNDA:0,(anonymous_1)
DA:4,0
DA:61,0
DA:65,0
LF:3
LH:0
BRF:0
BRH:0
end_of_record
TN:
SF:src/components/Comment.tsx
FN:3,Comment
FNF:1
FNH:0
FNDA:0,Comment
DA:4,0
LF:1
LH:0
BRF:0
BRH:0
end_of_record
TN:
SF:src/components/Hello.tsx
FN:3,Hello
FN:6,(anonymous_1)
FN:10,(anonymous_2)
FNF:3
FNH:3
FNDA:5,Hello
FNDA:1,(anonymous_1)
FNDA:1,(anonymous_2)
DA:4,5
DA:6,5
DA:7,1
DA:10,5
DA:11,1
DA:14,5
LF:6
LH:6
BRF:0
BRH:0
end_of_record
TN:
SF:src/components/HomeBrewDetail.tsx
FN:13,HomeBrewDetail
FN:89,(anonymous_1)
FN:98,(anonymous_2)
FN:103,(anonymous_3)
FN:108,(anonymous_4)
FN:109,(anonymous_5)
FN:111,(anonymous_6)
FN:113,(anonymous_7)
FN:117,(anonymous_8)
FN:117,(anonymous_9)
FN:119,(anonymous_10)
FN:121,(anonymous_11)
FN:126,(anonymous_12)
FN:128,(anonymous_13)
FN:156,(anonymous_14)
FN:164,(anonymous_15)
FN:173,(anonymous_16)
FN:174,(anonymous_17)
FN:187,(anonymous_18)
FN:227,(anonymous_19)
FNF:20
FNH:0
FNDA:0,HomeBrewDetail
FNDA:0,(anonymous_1)
FNDA:0,(anonymous_2)
FNDA:0,(anonymous_3)
FNDA:0,(anonymous_4)
FNDA:0,(anonymous_5)
FNDA:0,(anonymous_6)
FNDA:0,(anonymous_7)
FNDA:0,(anonymous_8)
FNDA:0,(anonymous_9)
FNDA:0,(anonymous_10)
FNDA:0,(anonymous_11)
FNDA:0,(anonymous_12)
FNDA:0,(anonymous_13)
FNDA:0,(anonymous_14)
FNDA:0,(anonymous_15)
FNDA:0,(anonymous_16)
FNDA:0,(anonymous_17)
FNDA:0,(anonymous_18)
FNDA:0,(anonymous_19)
DA:14,0
DA:20,0
DA:82,0
DA:83,0
DA:85,0
DA:89,0
DA:91,0
DA:92,0
DA:94,0
DA:96,0
DA:98,0
DA:99,0
DA:100,0
DA:103,0
DA:104,0
DA:108,0
DA:109,0
DA:110,0
DA:111,0
DA:113,0
DA:117,0
DA:119,0
DA:120,0
DA:121,0
DA:122,0
DA:126,0
DA:127,0
DA:129,0
DA:134,0
DA:157,0
DA:164,0
DA:173,0
DA:175,0
DA:188,0
DA:228,0
LF:35
LH:0
BRDA:110,0,0,0
BRDA:110,0,1,0
BRDA:160,1,0,0
BRDA:160,1,1,0
BRDA:178,2,0,0
BRDA:178,2,1,0
BRDA:197,3,0,0
BRDA:197,3,1,0
BRDA:205,4,0,0
BRDA:205,4,1,0
BRF:10
BRH:0
end_of_record
TN:
SF:src/components/ImageSlider.tsx
FN:5,ImageSlider
FN:10,previous
FN:13,next
FN:16,(anonymous_3)
FN:27,(anonymous_4)
FN:33,(anonymous_5)
FNF:6
FNH:0
FNDA:0,ImageSlider
FNDA:0,previous
FNDA:0,next
FNDA:0,(anonymous_3)
FNDA:0,(anonymous_4)
FNDA:0,(anonymous_5)
DA:6,0
DA:8,0
DA:11,0
DA:14,0
DA:16,0
DA:17,0
DA:19,0
DA:28,0
DA:33,0
LF:9
LH:0
BRDA:11,0,0,0
BRDA:11,0,1,0
BRDA:14,1,0,0
BRDA:14,1,1,0
BRDA:31,2,0,0
BRDA:31,2,1,0
BRF:6
BRH:0
end_of_record
TN:
SF:src/components/List.tsx
FN:17,List
FNF:1
FNH:0
FNDA:0,List
DA:26,0
LF:1
LH:0
BRDA:42,0,0,0
BRDA:42,0,1,0
BRDA:52,1,0,0
BRDA:52,1,1,0
BRDA:57,2,0,0
BRDA:57,2,1,0
BRF:6
BRH:0
end_of_record
TN:
SF:src/components/Review.tsx
FN:16,Review
FN:17,(anonymous_1)
FN:30,(anonymous_2)
FNF:3
FNH:0
FNDA:0,Review
FNDA:0,(anonymous_1)
FNDA:0,(anonymous_2)
DA:17,0
DA:18,0
DA:19,0
DA:20,0
DA:22,0
DA:24,0
DA:31,0
LF:7
LH:0
BRDA:32,0,0,0
BRDA:32,0,1,0
BRF:2
BRH:0
end_of_record
TN:
SF:src/components/SuulDetail.tsx
FN:8,SuulDetail
FN:10,(anonymous_1)
FNF:2
FNH:0
FNDA:0,SuulDetail
FNDA:0,(anonymous_1)
DA:9,0
DA:10,0
DA:11,0
DA:13,0
LF:4
LH:0
BRF:0
BRH:0
end_of_record
TN:
SF:src/components/SuulInfo.tsx
FN:13,SuulInfo
FN:73,(anonymous_1)
FNF:2
FNH:0
FNDA:0,SuulInfo
FNDA:0,(anonymous_1)
DA:14,0
DA:34,0
DA:74,0
LF:3
LH:0
BRDA:76,0,0,0
BRDA:76,0,1,0
BRF:2
BRH:0
end_of_record
TN:
SF:src/components/Writing.tsx
FN:6,Writing
FNF:1
FNH:0
FNDA:0,Writing
DA:7,0
DA:8,0
DA:10,0
DA:11,0
DA:12,0
DA:13,0
DA:14,0
DA:15,0
DA:16,0
DA:17,0
LF:10
LH:0
BRDA:10,0,0,0
BRDA:10,0,1,0
BRDA:12,1,0,0
BRDA:12,1,1,0
BRDA:14,2,0,0
BRDA:14,2,1,0
BRDA:16,3,0,0
BRDA:16,3,1,0
BRF:8
BRH:0
end_of_record
TN:
SF:src/components/WritingList.tsx
FN:1,WritingList
FNF:1
FNH:0
FNDA:0,WritingList
DA:2,0
LF:1
LH:0
BRF:0
BRH:0
end_of_record
TN:
SF:src/components/forms/InputAddress.tsx
FN:11,InputAddress
FN:15,(anonymous_1)
FN:31,(anonymous_2)
FNF:3
FNH:0
FNDA:0,InputAddress
FNDA:0,(anonymous_1)
FNDA:0,(anonymous_2)
DA:13,0
DA:15,0
DA:16,0
DA:17,0
DA:19,0
DA:20,0
DA:21,0
DA:23,0
DA:24,0
DA:27,0
DA:31,0
DA:32,0
DA:35,0
LF:13
LH:0
BRDA:19,0,0,0
BRDA:19,0,1,0
BRDA:20,1,0,0
BRDA:20,1,1,0
BRDA:23,2,0,0
BRDA:23,2,1,0
BRDA:25,3,0,0
BRDA:25,3,1,0
BRDA:27,4,0,0
BRDA:27,4,1,0
BRF:10
BRH:0
end_of_record
TN:
SF:src/components/forms/WritingBrewery.tsx
FN:16,WritingBrewery
FN:21,(anonymous_1)
FN:28,(anonymous_2)
FNF:3
FNH:0
FNDA:0,WritingBrewery
FNDA:0,(anonymous_1)
FNDA:0,(anonymous_2)
DA:17,0
DA:19,0
DA:20,0
DA:21,0
DA:22,0
DA:24,0
DA:28,0
LF:7
LH:0
BRDA:17,0,0,0
BRDA:17,0,1,0
BRF:2
BRH:0
end_of_record
TN:
SF:src/components/forms/WritingFestival.tsx
FN:9,WritingFestival
FN:16,(anonymous_1)
FNF:2
FNH:0
FNDA:0,WritingFestival
FNDA:0,(anonymous_1)
DA:10,0
DA:11,0
DA:12,0
DA:16,0
LF:4
LH:0
BRF:0
BRH:0
end_of_record
TN:
SF:src/components/forms/WritingSuul.tsx
FN:7,WritingSuul
FN:14,(anonymous_1)
FNF:2
FNH:0
FNDA:0,WritingSuul
FNDA:0,(anonymous_1)
DA:8,0
DA:9,0
DA:10,0
DA:14,0
LF:4
LH:0
BRF:0
BRH:0
end_of_record
TN:
SF:src/components/layout/Header.tsx
FN:14,Header
FN:20,(anonymous_1)
FN:24,(anonymous_2)
FN:25,(anonymous_3)
FN:40,(anonymous_4)
FN:76,(anonymous_5)
FNF:6
FNH:0
FNDA:0,Header
FNDA:0,(anonymous_1)
FNDA:0,(anonymous_2)
FNDA:0,(anonymous_3)
FNDA:0,(anonymous_4)
FNDA:0,(anonymous_5)
DA:15,0
DA:16,0
DA:18,0
DA:19,0
DA:20,0
DA:21,0
DA:24,0
DA:25,0
DA:27,0
DA:29,0
DA:30,0
DA:32,0
DA:35,0
DA:38,0
DA:40,0
DA:41,0
DA:45,0
DA:76,0
LF:18
LH:0
BRDA:27,0,0,0
BRDA:27,0,1,0
BRDA:29,1,0,0
BRDA:29,1,1,0
BRDA:35,2,0,0
BRDA:35,2,1,0
BRDA:52,3,0,0
BRDA:52,3,1,0
BRDA:66,4,0,0
BRDA:66,4,1,0
BRF:10
BRH:0
end_of_record
TN:
SF:src/components/layout/Loading.tsx
FN:1,Loading
FNF:1
FNH:0
FNDA:0,Loading
DA:2,0
LF:1
LH:0
BRF:0
BRH:0
end_of_record
TN:
SF:src/components/layout/Menu.tsx
FN:9,Menu
FN:12,(anonymous_1)
FNF:2
FNH:0
FNDA:0,Menu
FNDA:0,(anonymous_1)
DA:10,0
DA:12,0
DA:13,0
DA:16,0
LF:4
LH:0
BRDA:22,0,0,0
BRDA:22,0,1,0
BRDA:22,0,2,0
BRDA:33,1,0,0
BRDA:33,1,1,0
BRDA:33,2,0,0
BRDA:33,2,1,0
BRDA:46,3,0,0
BRDA:46,3,1,0
BRDA:56,4,0,0
BRDA:56,4,1,0
BRDA:68,5,0,0
BRDA:68,5,1,0
BRDA:79,6,0,0
BRDA:79,6,1,0
BRDA:92,7,0,0
BRDA:92,7,1,0
BRDA:102,8,0,0
BRDA:102,8,1,0
BRF:19
BRH:0
end_of_record
TN:
SF:src/pages/Admin.tsx
FN:4,Admin
FNF:1
FNH:0
FNDA:0,Admin
DA:5,0
LF:1
LH:0
BRF:0
BRH:0
end_of_record
TN:
SF:src/pages/Brewery.tsx
FN:6,Brewery
FN:49,(anonymous_1)
FN:58,(anonymous_2)
FN:67,(anonymous_3)
FN:100,(anonymous_4)
FN:103,(anonymous_5)
FNF:6
FNH:0
FNDA:0,Brewery
FNDA:0,(anonymous_1)
FNDA:0,(anonymous_2)
FNDA:0,(anonymous_3)
FNDA:0,(anonymous_4)
FNDA:0,(anonymous_5)
DA:7,0
DA:8,0
DA:10,0
DA:12,0
DA:49,0
DA:50,0
DA:51,0
DA:52,0
DA:53,0
DA:58,0
DA:60,0
DA:61,0
DA:63,0
DA:64,0
DA:67,0
DA:68,0
DA:69,0
DA:72,0
DA:101,0
DA:104,0
LF:20
LH:0
BRDA:51,0,0,0
BRDA:51,0,1,0
BRDA:60,1,0,0
BRDA:60,1,1,0
BRDA:63,2,0,0
BRDA:63,2,1,0
BRDA:77,3,0,0
BRDA:77,3,1,0
BRDA:122,4,0,0
BRDA:122,4,1,0
BRF:10
BRH:0
end_of_record
TN:
SF:src/pages/CreateAccount.tsx
FN:20,CreateAccount
FN:22,(anonymous_1)
FN:23,(anonymous_2)
FN:31,(anonymous_3)
FNF:4
FNH:0
FNDA:0,CreateAccount
FNDA:0,(anonymous_1)
FNDA:0,(anonymous_2)
FNDA:0,(anonymous_3)
DA:21,0
DA:22,0
DA:23,0
DA:29,0
DA:31,0
DA:36,0
DA:37,0
DA:40,0
DA:43,0
DA:45,0
DA:46,0
DA:51,0
DA:53,0
DA:72,0
DA:74,0
DA:75,0
DA:77,0
DA:78,0
DA:83,0
LF:19
LH:0
BRDA:36,0,0,0
BRDA:36,0,1,0
BRDA:77,1,0,0
BRDA:77,1,1,0
BRDA:85,2,0,0
BRDA:85,2,1,0
BRDA:108,3,0,0
BRDA:108,3,1,0
BRDA:128,4,0,0
BRDA:128,4,1,0
BRDA:144,5,0,0
BRDA:144,5,1,0
BRF:12
BRH:0
end_of_record
TN:
SF:src/pages/Festival.tsx
FN:3,Festival
FN:28,(anonymous_1)
FNF:2
FNH:0
FNDA:0,Festival
FNDA:0,(anonymous_1)
DA:4,0
DA:26,0
DA:29,0
LF:3
LH:0
BRF:0
BRH:0
end_of_record
TN:
SF:src/pages/Homebrew.tsx
FN:49,Homebrew
FN:52,(anonymous_1)
FN:58,(anonymous_2)
FN:59,(anonymous_3)
FNF:4
FNH:0
FNDA:0,Homebrew
FNDA:0,(anonymous_1)
FNDA:0,(anonymous_2)
FNDA:0,(anonymous_3)
DA:16,0
DA:50,0
DA:51,0
DA:52,0
DA:53,0
DA:55,0
DA:59,0
LF:7
LH:0
BRF:0
BRH:0
end_of_record
TN:
SF:src/pages/Introduction.tsx
FN:1,Introduction
FNF:1
FNH:0
FNDA:0,Introduction
DA:2,0
LF:1
LH:0
BRF:0
BRH:0
end_of_record
TN:
SF:src/pages/Login.tsx
FN:17,Login
FN:19,(anonymous_1)
FN:20,(anonymous_2)
FN:29,(anonymous_3)
FNF:4
FNH:0
FNDA:0,Login
FNDA:0,(anonymous_1)
FNDA:0,(anonymous_2)
FNDA:0,(anonymous_3)
DA:18,0
DA:19,0
DA:20,0
DA:27,0
DA:29,0
DA:30,0
DA:31,0
DA:32,0
DA:33,0
DA:34,0
DA:36,0
DA:40,0
LF:12
LH:0
BRDA:42,0,0,0
BRDA:42,0,1,0
BRDA:64,1,0,0
BRDA:64,1,1,0
BRDA:77,2,0,0
BRDA:77,2,1,0
BRF:6
BRH:0
end_of_record
TN:
SF:src/pages/MyPage.tsx
FN:4,MyPage
FN:13,(anonymous_1)
FNF:2
FNH:0
FNDA:0,MyPage
FNDA:0,(anonymous_1)
DA:5,0
DA:6,0
DA:7,0
DA:13,0
LF:4
LH:0
BRDA:11,0,0,0
BRDA:11,0,1,0
BRF:2
BRH:0
end_of_record
TN:
SF:src/pages/Suul.tsx
FN:4,Suul
FN:47,(anonymous_1)
FN:54,(anonymous_2)
FN:55,(anonymous_3)
FNF:4
FNH:0
FNDA:0,Suul
FNDA:0,(anonymous_1)
FNDA:0,(anonymous_2)
FNDA:0,(anonymous_3)
DA:5,0
DA:46,0
DA:47,0
DA:48,0
DA:49,0
DA:51,0
DA:55,0
LF:7
LH:0
BRF:0
BRH:0
end_of_record
